#
# There is insufficient memory for the Java Runtime Environment to continue.
# Native memory allocation (malloc) failed to allocate 1594816 bytes for Chunk::new
# Possible reasons:
#   The system is out of physical RAM or swap space
#   The process is running with CompressedOops enabled, and the Java Heap may be blocking the growth of the native heap
# Possible solutions:
#   Reduce memory load on the system
#   Increase physical memory or swap space
#   Check if swap backing store is full
#   Decrease Java heap size (-Xmx/-Xms)
#   Decrease number of Java threads
#   Decrease Java thread stack sizes (-Xss)
#   Set larger code cache with -XX:ReservedCodeCacheSize=
#   JVM is running with Unscaled Compressed Oops mode in which the Java heap is
#     placed in the first 4GB address space. The Java Heap base address is the
#     maximum limit for the native heap growth. Please use -XX:HeapBaseMinAddress
#     to set the Java Heap base and to place the Java Heap above 4GB virtual address.
# This output file may be truncated or incomplete.
#
#  Out of Memory Error (allocation.cpp:389), pid=16228, tid=0x0000000000003ae8
#
# JRE version: OpenJDK Runtime Environment (8.0_242-b01) (build 1.8.0_242-release-1644-b01)
# Java VM: OpenJDK 64-Bit Server VM (25.242-b01 mixed mode windows-amd64 compressed oops)
# Failed to write core dump. Minidumps are not enabled by default on client versions of Windows
#

---------------  T H R E A D  ---------------

Current thread (0x0000000016ec4800):  JavaThread "C2 CompilerThread0" daemon [_thread_in_native, id=15080, stack(0x0000000018540000,0x0000000018640000)]

Stack: [0x0000000018540000,0x0000000018640000]
[error occurred during error reporting (printing stack bounds), id 0xc0000005]

Native frames: (J=compiled Java code, j=interpreted, Vv=VM code, C=native code)


Current CompileTask:
C2: 246952 17628 %     4       com.android.tools.r8.ir.regalloc.a::a @ 2115 (3993 bytes)


---------------  P R O C E S S  ---------------

Java Threads: ( => current thread )
  0x000000001d7f1000 JavaThread "Cache worker for Java compile cache (D:\11SOECA11011\DemoDatabase\.gradle\6.1.1\javaCompile)" [_thread_blocked, id=3744, stack(0x0000000029090000,0x0000000029190000)]
  0x000000001d7ee000 JavaThread "Cache worker for Java compile cache (C:\Users\Alex White\.gradle\caches\6.1.1\javaCompile)" [_thread_blocked, id=1268, stack(0x0000000028f90000,0x0000000029090000)]
  0x000000001d7ea000 JavaThread "stdout" [_thread_in_native, id=1188, stack(0x0000000028a90000,0x0000000028b90000)]
  0x000000001d7e6800 JavaThread "stderr" [_thread_in_native, id=7796, stack(0x0000000028990000,0x0000000028a90000)]
  0x000000001d7e5000 JavaThread "WorkerExecutor Queue Thread 4" [_thread_in_vm, id=17616, stack(0x0000000028890000,0x0000000028990000)]
  0x000000001d7e2800 JavaThread "WorkerExecutor Queue Thread 3" [_thread_blocked, id=16968, stack(0x0000000028790000,0x0000000028890000)]
  0x000000001d7e8000 JavaThread "WorkerExecutor Queue Thread 2" [_thread_blocked, id=8308, stack(0x0000000028690000,0x0000000028790000)]
  0x000000001d7e9800 JavaThread "stdout" [_thread_in_native, id=12616, stack(0x0000000028490000,0x0000000028590000)]
  0x000000001d7e8800 JavaThread "stderr" [_thread_in_native, id=9028, stack(0x0000000028390000,0x0000000028490000)]
  0x000000001d7e4000 JavaThread "stdout" [_thread_in_native, id=3124, stack(0x0000000028290000,0x0000000028390000)]
  0x000000001d7e7000 JavaThread "stderr" [_thread_in_native, id=17528, stack(0x0000000028190000,0x0000000028290000)]
  0x000000001d7e5800 JavaThread "stdout" [_thread_in_native, id=6132, stack(0x0000000028090000,0x0000000028190000)]
  0x000000001b5e8800 JavaThread "stderr" [_thread_in_native, id=13248, stack(0x0000000027f90000,0x0000000028090000)]
  0x000000001b5e7000 JavaThread "pool-6-thread-1" [_thread_blocked, id=11532, stack(0x0000000027c90000,0x0000000027d90000)]
  0x000000001b5ea000 JavaThread "WorkerExecutor Queue" [_thread_blocked, id=15652, stack(0x0000000025960000,0x0000000025a60000)]
  0x000000001b5e6800 JavaThread "Cache worker for execution history cache (D:\11SOECA11011\DemoDatabase\.gradle\6.1.1\executionHistory)" [_thread_blocked, id=13860, stack(0x00000000255a0000,0x00000000256a0000)]
  0x000000001b5e9800 JavaThread "Execution worker for ':' Thread 3" [_thread_blocked, id=13160, stack(0x00000000254a0000,0x00000000255a0000)]
  0x000000001b5ed000 JavaThread "Execution worker for ':' Thread 2" [_thread_in_native, id=8696, stack(0x00000000253a0000,0x00000000254a0000)]
  0x000000001b5ec800 JavaThread "Execution worker for ':'" [_thread_in_Java, id=7256, stack(0x00000000252a0000,0x00000000253a0000)]
  0x0000000019b2e800 JavaThread "Cache worker for file content cache (D:\11SOECA11011\DemoDatabase\.gradle\6.1.1\fileContent)" [_thread_blocked, id=5124, stack(0x00000000251a0000,0x00000000252a0000)]
  0x0000000019b2d800 JavaThread "Cache worker for file content cache (C:\Users\Alex White\.gradle\caches\6.1.1\fileContent)" [_thread_blocked, id=11824, stack(0x00000000242a0000,0x00000000243a0000)]
  0x0000000019b2d000 JavaThread "Memory manager" [_thread_blocked, id=10216, stack(0x00000000241a0000,0x00000000242a0000)]
  0x0000000019b2a800 JavaThread "Cache worker for Build Output Cleanup Cache (D:\11SOECA11011\DemoDatabase\.gradle\buildOutputCleanup)" [_thread_blocked, id=9136, stack(0x00000000232a0000,0x00000000233a0000)]
  0x0000000019b31800 JavaThread "pool-5-thread-1" [_thread_blocked, id=2860, stack(0x0000000022da0000,0x0000000022ea0000)]
  0x0000000019b2f000 JavaThread "Build operations Thread 4" [_thread_blocked, id=5024, stack(0x0000000022ca0000,0x0000000022da0000)]
  0x0000000019b2c000 JavaThread "Build operations Thread 3" [_thread_blocked, id=16340, stack(0x0000000022ba0000,0x0000000022ca0000)]
  0x0000000019b30800 JavaThread "Build operations Thread 2" [_thread_blocked, id=11120, stack(0x0000000022840000,0x0000000022940000)]
  0x0000000019b23000 JavaThread "Build operations" [_thread_blocked, id=13104, stack(0x0000000021c90000,0x0000000021d90000)]
  0x0000000019b29800 JavaThread "Cache worker for cache directory md-rule (C:\Users\Alex White\.gradle\caches\6.1.1\md-rule)" [_thread_blocked, id=8500, stack(0x00000000206c0000,0x00000000207c0000)]
  0x0000000019b26000 JavaThread "Cache worker for cache directory md-supplier (C:\Users\Alex White\.gradle\caches\6.1.1\md-supplier)" [_thread_blocked, id=18132, stack(0x000000001f550000,0x000000001f650000)]
  0x0000000019b25000 JavaThread "Cache worker for file hash cache (D:\11SOECA11011\DemoDatabase\.gradle\6.1.1\fileHashes)" [_thread_blocked, id=14716, stack(0x000000001f050000,0x000000001f150000)]
  0x0000000019b29000 JavaThread "Cache worker for checksums cache (D:\11SOECA11011\DemoDatabase\.gradle\checksums)" [_thread_blocked, id=11132, stack(0x000000001ef50000,0x000000001f050000)]
  0x0000000019b24800 JavaThread "Thread-49" [_thread_blocked, id=11128, stack(0x000000001c7b0000,0x000000001c8b0000)]
  0x000000001af7a800 JavaThread "Stdin handler" [_thread_blocked, id=10096, stack(0x000000001c4b0000,0x000000001c5b0000)]
  0x000000001af80800 JavaThread "Asynchronous log dispatcher for DefaultDaemonConnection: socket connection from /127.0.0.1:58159 to /127.0.0.1:58310" [_thread_blocked, id=17604, stack(0x000000001c3b0000,0x000000001c4b0000)]
  0x000000001af80000 JavaThread "Cancel handler" [_thread_blocked, id=18308, stack(0x000000001bfb0000,0x000000001c0b0000)]
  0x000000001af7d000 JavaThread "Handler for socket connection from /127.0.0.1:58159 to /127.0.0.1:58310" [_thread_in_native, id=15372, stack(0x0000000000730000,0x0000000000830000)]
  0x0000000019b27800 JavaThread "Daemon worker Thread 2" [_thread_in_Java, id=9492, stack(0x000000001c0b0000,0x000000001c1b0000)]
  0x0000000019b28000 JavaThread "Daemon Thread 2" [_thread_blocked, id=7400, stack(0x0000000000630000,0x0000000000730000)]
  0x000000001af81800 JavaThread "Cache worker for execution history cache (C:\Users\Alex White\.gradle\caches\6.1.1\executionHistory)" [_thread_blocked, id=17476, stack(0x00000000207c0000,0x00000000208c0000)]
  0x000000001af7f000 JavaThread "Cache worker for file hash cache (C:\Users\Alex White\.gradle\caches\6.1.1\fileHashes)" [_thread_blocked, id=16960, stack(0x000000001ccb0000,0x000000001cdb0000)]
  0x000000001af7e800 JavaThread "File lock request listener" [_thread_in_native, id=12104, stack(0x000000001cbb0000,0x000000001ccb0000)]
  0x0000000019267800 JavaThread "Cache worker for journal cache (C:\Users\Alex White\.gradle\caches\journal-1)" [_thread_blocked, id=3804, stack(0x000000001cab0000,0x000000001cbb0000)]
  0x000000001a671800 JavaThread "Daemon periodic checks" [_thread_blocked, id=14664, stack(0x000000001beb0000,0x000000001bfb0000)]
  0x000000001a673800 JavaThread "Incoming local TCP Connector on port 58159" [_thread_in_native, id=15704, stack(0x0000000018f40000,0x0000000019040000)]
  0x000000001a6ce800 JavaThread "Daemon health stats" [_thread_blocked, id=16820, stack(0x0000000018e40000,0x0000000018f40000)]
  0x0000000018647800 JavaThread "Service Thread" daemon [_thread_blocked, id=16320, stack(0x0000000018c40000,0x0000000018d40000)]
  0x0000000016f1e800 JavaThread "C1 CompilerThread2" daemon [_thread_blocked, id=16932, stack(0x0000000018b40000,0x0000000018c40000)]
  0x0000000016f1d000 JavaThread "C2 CompilerThread1" daemon [_thread_in_native, id=4976, stack(0x0000000018a40000,0x0000000018b40000)]
=>0x0000000016ec4800 JavaThread "C2 CompilerThread0" daemon [_thread_in_native, id=15080, stack(0x0000000018540000,0x0000000018640000)]
  0x0000000016ec3000 JavaThread "Attach Listener" daemon [_thread_blocked, id=16692, stack(0x0000000018440000,0x0000000018540000)]
  0x0000000016ec2000 JavaThread "Signal Dispatcher" daemon [_thread_blocked, id=17028, stack(0x0000000018340000,0x0000000018440000)]
  0x000000000229b000 JavaThread "Finalizer" daemon [_thread_blocked, id=15444, stack(0x0000000018140000,0x0000000018240000)]
  0x0000000016ea9000 JavaThread "Reference Handler" daemon [_thread_blocked, id=7968, stack(0x0000000018040000,0x0000000018140000)]
  0x000000000207e000 JavaThread "main" [_thread_blocked, id=15468, stack(0x0000000002080000,0x0000000002180000)]

Other Threads:
  0x0000000016e86000 VMThread [stack: 0x0000000017f40000,0x0000000018040000] [id=4720]
  0x0000000018648800 WatcherThread [stack: 0x0000000018d40000,0x0000000018e40000] [id=17036]

VM state:not at safepoint (normal execution)

VM Mutex/Monitor currently owned by a thread: None

heap address: 0x0000000080000000, size: 2048 MB, Compressed Oops mode: 32-bit
Narrow klass base: 0x0000000000000000, Narrow klass shift: 3
Compressed class space size: 1073741824 Address: 0x0000000100000000

Heap:
 PSYoungGen      total 466944K, used 148953K [0x00000000d5580000, 0x00000000f8200000, 0x0000000100000000)
  eden space 421376K, 30% used [0x00000000d5580000,0x00000000dd406228,0x00000000ef100000)
  from space 45568K, 42% used [0x00000000ef100000,0x00000000f03f0330,0x00000000f1d80000)
  to   space 44544K, 0% used [0x00000000f5680000,0x00000000f5680000,0x00000000f8200000)
 ParOldGen       total 218624K, used 65819K [0x0000000080000000, 0x000000008d580000, 0x00000000d5580000)
  object space 218624K, 30% used [0x0000000080000000,0x0000000084046ee0,0x000000008d580000)
 Metaspace       used 103227K, capacity 108406K, committed 108464K, reserved 1142784K
  class space    used 13414K, capacity 14455K, committed 14512K, reserved 1048576K

Card table byte_map: [0x0000000011660000,0x0000000011a70000] byte_map_base: 0x0000000011260000

Marking Bits: (ParMarkBitMap*) 0x000000005d32f030
 Begin Bits: [0x0000000012120000, 0x0000000014120000)
 End Bits:   [0x0000000014120000, 0x0000000016120000)

Polling page: 0x0000000000510000

CodeCache: size=245760Kb used=54234Kb max_used=54234Kb free=191526Kb
 bounds [0x00000000022a0000, 0x00000000057e0000, 0x00000000112a0000]
 total_blobs=17106 nmethods=16209 adapters=808
 compilation: enabled

Compilation events (10 events):
Event: 246.890 Thread 0x0000000016f1e800 19063       1       javax.management.MBeanInfo::getClassName (5 bytes)
Event: 246.890 Thread 0x0000000016f1e800 nmethod 19063 0x00000000057d0e90 code [0x00000000057d0fe0, 0x00000000057d10f0]
Event: 246.895 Thread 0x0000000016f1e800 19064       2       com.android.tools.r8.v.a.a.a.f.Z::a (4 bytes)
Event: 246.895 Thread 0x0000000016f1e800 nmethod 19064 0x00000000057d1150 code [0x00000000057d12a0, 0x00000000057d13f0]
Event: 246.895 Thread 0x0000000016f1e800 19065       2       com.android.tools.r8.v.a.a.a.h.i0::iterator (4 bytes)
Event: 246.895 Thread 0x0000000016f1e800 nmethod 19065 0x00000000057d1490 code [0x00000000057d15e0, 0x00000000057d1730]
Event: 246.901 Thread 0x0000000016f1e800 19066       2       java.util.Arrays$ArrayList::spliterator (10 bytes)
Event: 246.902 Thread 0x0000000016f1e800 nmethod 19066 0x00000000057d17d0 code [0x00000000057d1940, 0x00000000057d1bd8]
Event: 246.910 Thread 0x0000000016f1e800 19067       2       com.android.tools.r8.graph.c::a (39 bytes)
Event: 246.911 Thread 0x0000000016f1e800 nmethod 19067 0x00000000057d1d90 code [0x00000000057d1f20, 0x00000000057d22f8]

GC Heap History (10 events):
Event: 229.989 GC heap before
{Heap before GC invocations=15 (full 3):
 PSYoungGen      total 397312K, used 397311K [0x00000000d5580000, 0x00000000f4e80000, 0x0000000100000000)
  eden space 365056K, 100% used [0x00000000d5580000,0x00000000eba00000,0x00000000eba00000)
  from space 32256K, 99% used [0x00000000eba00000,0x00000000ed97ff28,0x00000000ed980000)
  to   space 44544K, 0% used [0x00000000f2300000,0x00000000f2300000,0x00000000f4e80000)
 ParOldGen       total 218624K, used 59169K [0x0000000080000000, 0x000000008d580000, 0x00000000d5580000)
  object space 218624K, 27% used [0x0000000080000000,0x00000000839c87b0,0x000000008d580000)
 Metaspace       used 84545K, capacity 88622K, committed 88752K, reserved 1126400K
  class space    used 10981K, capacity 11848K, committed 11952K, reserved 1048576K
Event: 230.030 GC heap after
Heap after GC invocations=15 (full 3):
 PSYoungGen      total 461312K, used 28636K [0x00000000d5580000, 0x00000000f4a00000, 0x0000000100000000)
  eden space 421376K, 0% used [0x00000000d5580000,0x00000000d5580000,0x00000000ef100000)
  from space 39936K, 71% used [0x00000000f2300000,0x00000000f3ef7158,0x00000000f4a00000)
  to   space 45568K, 0% used [0x00000000ef100000,0x00000000ef100000,0x00000000f1d80000)
 ParOldGen       total 218624K, used 61554K [0x0000000080000000, 0x000000008d580000, 0x00000000d5580000)
  object space 218624K, 28% used [0x0000000080000000,0x0000000083c1ca88,0x000000008d580000)
 Metaspace       used 84545K, capacity 88622K, committed 88752K, reserved 1126400K
  class space    used 10981K, capacity 11848K, committed 11952K, reserved 1048576K
}
Event: 240.409 GC heap before
{Heap before GC invocations=16 (full 3):
 PSYoungGen      total 461312K, used 350780K [0x00000000d5580000, 0x00000000f4a00000, 0x0000000100000000)
  eden space 421376K, 76% used [0x00000000d5580000,0x00000000e9018228,0x00000000ef100000)
  from space 39936K, 71% used [0x00000000f2300000,0x00000000f3ef7158,0x00000000f4a00000)
  to   space 45568K, 0% used [0x00000000ef100000,0x00000000ef100000,0x00000000f1d80000)
 ParOldGen       total 218624K, used 61554K [0x0000000080000000, 0x000000008d580000, 0x00000000d5580000)
  object space 218624K, 28% used [0x0000000080000000,0x0000000083c1ca88,0x000000008d580000)
 Metaspace       used 94146K, capacity 98462K, committed 98600K, reserved 1134592K
  class space    used 12224K, capacity 13126K, committed 13232K, reserved 1048576K
Event: 240.435 GC heap after
Heap after GC invocations=16 (full 3):
 PSYoungGen      total 466944K, used 23547K [0x00000000d5580000, 0x00000000f8200000, 0x0000000100000000)
  eden space 421376K, 0% used [0x00000000d5580000,0x00000000d5580000,0x00000000ef100000)
  from space 45568K, 51% used [0x00000000ef100000,0x00000000f07fec80,0x00000000f1d80000)
  to   space 44544K, 0% used [0x00000000f5680000,0x00000000f5680000,0x00000000f8200000)
 ParOldGen       total 218624K, used 61562K [0x0000000080000000, 0x000000008d580000, 0x00000000d5580000)
  object space 218624K, 28% used [0x0000000080000000,0x0000000083c1ea88,0x000000008d580000)
 Metaspace       used 94146K, capacity 98462K, committed 98600K, reserved 1134592K
  class space    used 12224K, capacity 13126K, committed 13232K, reserved 1048576K
}
Event: 240.435 GC heap before
{Heap before GC invocations=17 (full 4):
 PSYoungGen      total 466944K, used 23547K [0x00000000d5580000, 0x00000000f8200000, 0x0000000100000000)
  eden space 421376K, 0% used [0x00000000d5580000,0x00000000d5580000,0x00000000ef100000)
  from space 45568K, 51% used [0x00000000ef100000,0x00000000f07fec80,0x00000000f1d80000)
  to   space 44544K, 0% used [0x00000000f5680000,0x00000000f5680000,0x00000000f8200000)
 ParOldGen       total 218624K, used 61562K [0x0000000080000000, 0x000000008d580000, 0x00000000d5580000)
  object space 218624K, 28% used [0x0000000080000000,0x0000000083c1ea88,0x000000008d580000)
 Metaspace       used 94146K, capacity 98462K, committed 98600K, reserved 1134592K
  class space    used 12224K, capacity 13126K, committed 13232K, reserved 1048576K
Event: 240.699 GC heap after
Heap after GC invocations=17 (full 4):
 PSYoungGen      total 466944K, used 0K [0x00000000d5580000, 0x00000000f8200000, 0x0000000100000000)
  eden space 421376K, 0% used [0x00000000d5580000,0x00000000d5580000,0x00000000ef100000)
  from space 45568K, 0% used [0x00000000ef100000,0x00000000ef100000,0x00000000f1d80000)
  to   space 44544K, 0% used [0x00000000f5680000,0x00000000f5680000,0x00000000f8200000)
 ParOldGen       total 218624K, used 65803K [0x0000000080000000, 0x000000008d580000, 0x00000000d5580000)
  object space 218624K, 30% used [0x0000000080000000,0x0000000084042ee0,0x000000008d580000)
 Metaspace       used 93988K, capacity 98014K, committed 98600K, reserved 1134592K
  class space    used 12173K, capacity 13041K, committed 13232K, reserved 1048576K
}
Event: 244.772 GC heap before
{Heap before GC invocations=18 (full 4):
 PSYoungGen      total 466944K, used 421376K [0x00000000d5580000, 0x00000000f8200000, 0x0000000100000000)
  eden space 421376K, 100% used [0x00000000d5580000,0x00000000ef100000,0x00000000ef100000)
  from space 45568K, 0% used [0x00000000ef100000,0x00000000ef100000,0x00000000f1d80000)
  to   space 44544K, 0% used [0x00000000f5680000,0x00000000f5680000,0x00000000f8200000)
 ParOldGen       total 218624K, used 65803K [0x0000000080000000, 0x000000008d580000, 0x00000000d5580000)
  object space 218624K, 30% used [0x0000000080000000,0x0000000084042ee0,0x000000008d580000)
 Metaspace       used 102711K, capacity 107782K, committed 107824K, reserved 1142784K
  class space    used 13347K, capacity 14357K, committed 14384K, reserved 1048576K
Event: 244.806 GC heap after
Heap after GC invocations=18 (full 4):
 PSYoungGen      total 465920K, used 23097K [0x00000000d5580000, 0x00000000f8200000, 0x0000000100000000)
  eden space 421376K, 0% used [0x00000000d5580000,0x00000000d5580000,0x00000000ef100000)
  from space 44544K, 51% used [0x00000000f5680000,0x00000000f6d0e588,0x00000000f8200000)
  to   space 45568K, 0% used [0x00000000ef100000,0x00000000ef100000,0x00000000f1d80000)
 ParOldGen       total 218624K, used 65811K [0x0000000080000000, 0x000000008d580000, 0x00000000d5580000)
  object space 218624K, 30% used [0x0000000080000000,0x0000000084044ee0,0x000000008d580000)
 Metaspace       used 102711K, capacity 107782K, committed 107824K, reserved 1142784K
  class space    used 13347K, capacity 14357K, committed 14384K, reserved 1048576K
}
Event: 246.399 GC heap before
{Heap before GC invocations=19 (full 4):
 PSYoungGen      total 465920K, used 444473K [0x00000000d5580000, 0x00000000f8200000, 0x0000000100000000)
  eden space 421376K, 100% used [0x00000000d5580000,0x00000000ef100000,0x00000000ef100000)
  from space 44544K, 51% used [0x00000000f5680000,0x00000000f6d0e588,0x00000000f8200000)
  to   space 45568K, 0% used [0x00000000ef100000,0x00000000ef100000,0x00000000f1d80000)
 ParOldGen       total 218624K, used 65811K [0x0000000080000000, 0x000000008d580000, 0x00000000d5580000)
  object space 218624K, 30% used [0x0000000080000000,0x0000000084044ee0,0x000000008d580000)
 Metaspace       used 103085K, capacity 108242K, committed 108464K, reserved 1142784K
  class space    used 13413K, capacity 14453K, committed 14512K, reserved 1048576K
Event: 246.429 GC heap after
Heap after GC invocations=19 (full 4):
 PSYoungGen      total 466944K, used 19392K [0x00000000d5580000, 0x00000000f8200000, 0x0000000100000000)
  eden space 421376K, 0% used [0x00000000d5580000,0x00000000d5580000,0x00000000ef100000)
  from space 45568K, 42% used [0x00000000ef100000,0x00000000f03f0330,0x00000000f1d80000)
  to   space 44544K, 0% used [0x00000000f5680000,0x00000000f5680000,0x00000000f8200000)
 ParOldGen       total 218624K, used 65819K [0x0000000080000000, 0x000000008d580000, 0x00000000d5580000)
  object space 218624K, 30% used [0x0000000080000000,0x0000000084046ee0,0x000000008d580000)
 Metaspace       used 103085K, capacity 108242K, committed 108464K, reserved 1142784K
  class space    used 13413K, capacity 14453K, committed 14512K, reserved 1048576K
}

Deoptimization events (10 events):
Event: 246.073 Thread 0x000000001d7e5000 Uncommon trap: reason=class_check action=maybe_recompile pc=0x000000000452e2c4 method=java.util.zip.DeflaterOutputStream.deflate()V @ 32
Event: 246.076 Thread 0x000000001d7e5000 Uncommon trap: reason=class_check action=maybe_recompile pc=0x000000000452e2c4 method=java.util.zip.DeflaterOutputStream.deflate()V @ 32
Event: 246.149 Thread 0x000000001d7e5000 Uncommon trap: reason=class_check action=maybe_recompile pc=0x0000000003115158 method=java.util.function.Predicate.lambda$and$0(Ljava/util/function/Predicate;Ljava/lang/Object;)Z @ 12
Event: 246.149 Thread 0x000000001d7e5000 Uncommon trap: reason=class_check action=maybe_recompile pc=0x0000000003115158 method=java.util.function.Predicate.lambda$and$0(Ljava/util/function/Predicate;Ljava/lang/Object;)Z @ 12
Event: 246.149 Thread 0x000000001d7e5000 Uncommon trap: reason=class_check action=maybe_recompile pc=0x0000000003115158 method=java.util.function.Predicate.lambda$and$0(Ljava/util/function/Predicate;Ljava/lang/Object;)Z @ 12
Event: 246.149 Thread 0x000000001d7e5000 Uncommon trap: reason=class_check action=maybe_recompile pc=0x0000000003115158 method=java.util.function.Predicate.lambda$and$0(Ljava/util/function/Predicate;Ljava/lang/Object;)Z @ 12
Event: 246.586 Thread 0x000000001b5ed000 Uncommon trap: reason=array_check action=maybe_recompile pc=0x00000000056ac5f8 method=java.util.TimSort.reverseRange([Ljava/lang/Object;II)V @ 20
Event: 246.586 Thread 0x000000001b5ed000 Uncommon trap: reason=array_check action=maybe_recompile pc=0x00000000056ac5f8 method=java.util.TimSort.reverseRange([Ljava/lang/Object;II)V @ 20
Event: 246.586 Thread 0x000000001b5ed000 Uncommon trap: reason=array_check action=maybe_recompile pc=0x00000000056acbdc method=java.util.TimSort.reverseRange([Ljava/lang/Object;II)V @ 20
Event: 246.596 Thread 0x000000001b5ed000 Uncommon trap: reason=unstable_if action=reinterpret pc=0x00000000031c9528 method=java.util.Arrays.equals([Ljava/lang/Object;[Ljava/lang/Object;)Z @ 47

Classes redefined (0 events):
No events

Internal exceptions (10 events):
Event: 240.703 Thread 0x000000001b5ed000 Exception <a 'sun/nio/fs/WindowsException'> (0x00000000d5874180) thrown at [C:\src\AOSP-openjdk-git\hotspot\src\share\vm\prims\jni.cpp, line 710]
Event: 240.718 Thread 0x0000000019b27800 Exception <a 'sun/nio/fs/WindowsException'> (0x00000000d5c91ae0) thrown at [C:\src\AOSP-openjdk-git\hotspot\src\share\vm\prims\jni.cpp, line 710]
Event: 240.732 Thread 0x000000001b5ec800 Exception <a 'sun/nio/fs/WindowsException'> (0x00000000d67442a8) thrown at [C:\src\AOSP-openjdk-git\hotspot\src\share\vm\prims\jni.cpp, line 710]
Event: 242.291 Thread 0x000000001b5ed000 Exception <a 'java/lang/NoSuchMethodError': java.lang.Object.lambda$maxBy$1(Ljava/util/Comparator;Ljava/lang/Object;Ljava/lang/Object;)Ljava/lang/Object;> (0x00000000da914858) thrown at [C:\src\AOSP-openjdk-git\hotspot\src\share\vm\interpreter\linkResolve
Event: 242.291 Thread 0x0000000019b27800 Exception <a 'java/lang/NoSuchMethodError': java.lang.Object.lambda$maxBy$1(Ljava/util/Comparator;Ljava/lang/Object;Ljava/lang/Object;)Ljava/lang/Object;> (0x00000000d9e4d450) thrown at [C:\src\AOSP-openjdk-git\hotspot\src\share\vm\interpreter\linkResolve
Event: 243.741 Thread 0x000000001b5ed000 Exception <a 'sun/nio/fs/WindowsException'> (0x00000000e08d6b38) thrown at [C:\src\AOSP-openjdk-git\hotspot\src\share\vm\prims\jni.cpp, line 710]
Event: 244.024 Thread 0x000000001b5ed000 Exception <a 'sun/nio/fs/WindowsException'> (0x00000000e090e7d0) thrown at [C:\src\AOSP-openjdk-git\hotspot\src\share\vm\prims\jni.cpp, line 710]
Event: 244.290 Thread 0x000000001b5ed000 Exception <a 'sun/nio/fs/WindowsException'> (0x00000000e702fb88) thrown at [C:\src\AOSP-openjdk-git\hotspot\src\share\vm\prims\jni.cpp, line 710]
Event: 246.693 Thread 0x000000001b5ed000 Exception <a 'sun/nio/fs/WindowsException'> (0x00000000d8968708) thrown at [C:\src\AOSP-openjdk-git\hotspot\src\share\vm\prims\jni.cpp, line 710]
Event: 246.800 Thread 0x000000001b5ed000 Exception <a 'sun/nio/fs/WindowsException'> (0x00000000d8992b00) thrown at [C:\src\AOSP-openjdk-git\hotspot\src\share\vm\prims\jni.cpp, line 710]

Events (10 events):
Event: 246.595 Thread 0x000000001b5ed000 DEOPT UNPACKING pc=0x00000000022e75d0 sp=0x000000002549a4a8 mode 0
Event: 246.596 Thread 0x000000001b5ed000 Uncommon trap: trap_request=0xffffff65 fr.pc=0x00000000031c9528
Event: 246.596 Thread 0x000000001b5ed000 DEOPT PACKING pc=0x00000000031c9528 sp=0x000000002549a700
Event: 246.596 Thread 0x000000001b5ed000 DEOPT UNPACKING pc=0x00000000022e557b sp=0x000000002549a698 mode 2
Event: 246.686 Thread 0x000000001b5ed000 DEOPT PACKING pc=0x0000000005510af1 sp=0x000000002549ac50
Event: 246.686 Thread 0x000000001b5ed000 DEOPT UNPACKING pc=0x00000000022e75d0 sp=0x000000002549a978 mode 0
Event: 246.915 loading class com/android/tools/build/apkzlib/utils/IOExceptionRunnable
Event: 246.915 loading class com/android/tools/build/apkzlib/utils/IOExceptionRunnable done
Event: 246.915 loading class com/android/tools/build/apkzlib/utils/IOExceptionFunction
Event: 246.915 loading class com/android/tools/build/apkzlib/utils/IOExceptionFunction done


Dynamic libraries:
0x00007ff62b990000 - 0x00007ff62b9c1000 	C:\Program Files\Android\Android Studio\jre\bin\java.exe
0x00007ffbfb4b0000 - 0x00007ffbfb6a6000 	C:\Windows\SYSTEM32\ntdll.dll
0x00007ffbfabb0000 - 0x00007ffbfac6d000 	C:\Windows\System32\KERNEL32.DLL
0x00007ffbf8c70000 - 0x00007ffbf8f39000 	C:\Windows\System32\KERNELBASE.dll
0x00007ffbfa8d0000 - 0x00007ffbfa97c000 	C:\Windows\System32\ADVAPI32.dll
0x00007ffbfac70000 - 0x00007ffbfad0e000 	C:\Windows\System32\msvcrt.dll
0x00007ffbfa780000 - 0x00007ffbfa81c000 	C:\Windows\System32\sechost.dll
0x00007ffbfa9e0000 - 0x00007ffbfab0b000 	C:\Windows\System32\RPCRT4.dll
0x00007ffbf9cc0000 - 0x00007ffbf9e60000 	C:\Windows\System32\USER32.dll
0x00007ffbf8bf0000 - 0x00007ffbf8c12000 	C:\Windows\System32\win32u.dll
0x00007ffbfab10000 - 0x00007ffbfab3a000 	C:\Windows\System32\GDI32.dll
0x00007ffbf9300000 - 0x00007ffbf940b000 	C:\Windows\System32\gdi32full.dll
0x00007ffbf9260000 - 0x00007ffbf92fd000 	C:\Windows\System32\msvcp_win.dll
0x00007ffbf9410000 - 0x00007ffbf9510000 	C:\Windows\System32\ucrtbase.dll
0x00007ffbe8370000 - 0x00007ffbe860b000 	C:\Windows\WinSxS\amd64_microsoft.windows.common-controls_6595b64144ccf1df_6.0.19041.746_none_ca02b4b61b8320a4\COMCTL32.dll
0x00007ffbfa4b0000 - 0x00007ffbfa4e0000 	C:\Windows\System32\IMM32.DLL
0x000000005c9a0000 - 0x000000005ca72000 	C:\Program Files\Android\Android Studio\jre\jre\bin\msvcr100.dll
0x000000005cb60000 - 0x000000005d3ab000 	C:\Program Files\Android\Android Studio\jre\jre\bin\server\jvm.dll
0x00007ffbfb460000 - 0x00007ffbfb468000 	C:\Windows\System32\PSAPI.DLL
0x00007ffbf5ef0000 - 0x00007ffbf5ef9000 	C:\Windows\SYSTEM32\WSOCK32.dll
0x00007ffbfab40000 - 0x00007ffbfabab000 	C:\Windows\System32\WS2_32.dll
0x00007ffbea0a0000 - 0x00007ffbea0c7000 	C:\Windows\SYSTEM32\WINMM.dll
0x00007ffbf1ad0000 - 0x00007ffbf1ada000 	C:\Windows\SYSTEM32\VERSION.dll
0x00007ffbf40e0000 - 0x00007ffbf40ef000 	C:\Program Files\Android\Android Studio\jre\jre\bin\verify.dll
0x00007ffbe8090000 - 0x00007ffbe80b9000 	C:\Program Files\Android\Android Studio\jre\jre\bin\java.dll
0x00007ffbe8070000 - 0x00007ffbe8086000 	C:\Program Files\Android\Android Studio\jre\jre\bin\zip.dll
0x00007ffbfad10000 - 0x00007ffbfb452000 	C:\Windows\System32\SHELL32.dll
0x00007ffbf62d0000 - 0x00007ffbf6a60000 	C:\Windows\SYSTEM32\windows.storage.dll
0x00007ffbfa150000 - 0x00007ffbfa4a6000 	C:\Windows\System32\combase.dll
0x00007ffbf8650000 - 0x00007ffbf867c000 	C:\Windows\SYSTEM32\Wldp.dll
0x00007ffbfa4e0000 - 0x00007ffbfa58e000 	C:\Windows\System32\SHCORE.dll
0x00007ffbf95e0000 - 0x00007ffbf9635000 	C:\Windows\System32\shlwapi.dll
0x00007ffbf8b20000 - 0x00007ffbf8b46000 	C:\Windows\SYSTEM32\profapi.dll
0x00007ffbe6470000 - 0x00007ffbe648a000 	C:\Program Files\Android\Android Studio\jre\jre\bin\net.dll
0x00007ffbf83d0000 - 0x00007ffbf843a000 	C:\Windows\system32\mswsock.dll
0x00007ffbd8020000 - 0x00007ffbd8033000 	C:\Program Files\Android\Android Studio\jre\jre\bin\nio.dll
0x00007ffbe64a0000 - 0x00007ffbe64c6000 	C:\Users\Alex White\.gradle\native\31\windows-amd64\native-platform.dll
0x00007ffbf2d30000 - 0x00007ffbf2d3d000 	C:\Program Files\Android\Android Studio\jre\jre\bin\management.dll
0x00007ffbf85a0000 - 0x00007ffbf85b8000 	C:\Windows\SYSTEM32\CRYPTSP.dll
0x00007ffbf7ca0000 - 0x00007ffbf7cd4000 	C:\Windows\system32\rsaenh.dll
0x00007ffbf9230000 - 0x00007ffbf9257000 	C:\Windows\System32\bcrypt.dll
0x00007ffbf8ae0000 - 0x00007ffbf8b0e000 	C:\Windows\SYSTEM32\USERENV.dll
0x00007ffbf8fa0000 - 0x00007ffbf9020000 	C:\Windows\System32\bcryptprimitives.dll
0x00007ffbf85c0000 - 0x00007ffbf85cc000 	C:\Windows\SYSTEM32\CRYPTBASE.dll
0x00007ffbf7ff0000 - 0x00007ffbf802b000 	C:\Windows\SYSTEM32\IPHLPAPI.DLL
0x00007ffbfa6f0000 - 0x00007ffbfa6f8000 	C:\Windows\System32\NSI.dll
0x00007ffbf03f0000 - 0x00007ffbf0407000 	C:\Windows\SYSTEM32\dhcpcsvc6.DLL
0x00007ffbf0c30000 - 0x00007ffbf0c4d000 	C:\Windows\SYSTEM32\dhcpcsvc.DLL
0x00007ffbf8030000 - 0x00007ffbf80fb000 	C:\Windows\SYSTEM32\DNSAPI.dll
0x00007ffbf7930000 - 0x00007ffbf7963000 	C:\Windows\SYSTEM32\ntmarta.dll
0x00007ffbf5c30000 - 0x00007ffbf5cc0000 	C:\Windows\system32\apphelp.dll

VM Arguments:
jvm_args: -Xmx2048m -Dfile.encoding=windows-1252 -Duser.country=US -Duser.language=en -Duser.variant 
java_command: org.gradle.launcher.daemon.bootstrap.GradleDaemon 6.1.1
java_class_path (initial): C:\Users\Alex White\.gradle\wrapper\dists\gradle-6.1.1-all\cfmwm155h49vnt3hynmlrsdst\gradle-6.1.1\lib\gradle-launcher-6.1.1.jar
Launcher Type: SUN_STANDARD

Environment Variables:
PATH=C:\Program Files (x86)\Common Files\Oracle\Java\javapath;C:\Program Files\Common Files\Oracle\Java\javapath;C:\ProgramData\Oracle\Java\javapath;C:\Windows\system32;C:\Windows;C:\Windows\System32\Wbem;C:\Windows\System32\WindowsPowerShell\v1.0\;C:\Windows\System32\OpenSSH\;C:\Program Files (x86)\NVIDIA Corporation\PhysX\Common;C:\Program Files\Git\cmd;C:\Users\Alex White\AppData\Local\Microsoft\WindowsApps;;C:\Users\Alex White\AppData\Local\Programs\Microsoft VS Code\bin
USERNAME=Alex White
OS=Windows_NT
PROCESSOR_IDENTIFIER=Intel64 Family 6 Model 142 Stepping 9, GenuineIntel



---------------  S Y S T E M  ---------------

OS: Windows 10.0 , 64 bit Build 19041 (10.0.19041.804)

CPU:total 4 (initial active 4) (2 cores per cpu, 2 threads per core) family 6 model 142 stepping 9, cmov, cx8, fxsr, mmx, sse, sse2, sse3, ssse3, sse4.1, sse4.2, popcnt, avx, avx2, aes, clmul, erms, 3dnowpref, lzcnt, ht, tsc, tscinvbit, bmi1, bmi2, adx

Memory: 4k page, physical 16648884k(1573396k free), swap 42856880k(5220k free)

vm_info: OpenJDK 64-Bit Server VM (25.242-b01) for windows-amd64 JRE (1.8.0_242-release-1644-b01), built by "builder" with MS VC++ 10.0 (VS2010)

time: Wed Feb 17 09:59:20 2021
timezone: India Standard Time
elapsed time: 246 seconds (0d 0h 4m 6s)

